{"numTotalTestSuites":2,"numPassedTestSuites":2,"numFailedTestSuites":0,"numPendingTestSuites":0,"numTotalTests":3,"numPassedTests":3,"numFailedTests":0,"numPendingTests":0,"numTodoTests":0,"snapshot":{"added":0,"failure":false,"filesAdded":0,"filesRemoved":0,"filesRemovedList":[],"filesUnmatched":0,"filesUpdated":0,"matched":0,"total":0,"unchecked":0,"uncheckedKeysByFile":[],"unmatched":0,"updated":0,"didUpdate":false},"startTime":1780321088723,"success":true,"testResults":[{"assertionResults":[{"ancestorTitles":["Contract: response shapes"],"fullName":"Contract: response shapes /api/health matches schema","status":"passed","title":"/api/health matches schema","duration":347.30170000000004,"failureMessages":[],"meta":{}},{"ancestorTitles":["Contract: response shapes"],"fullName":"Contract: response shapes /api/status matches schema","status":"passed","title":"/api/status matches schema","duration":444.73169999999993,"failureMessages":[],"meta":{}},{"ancestorTitles":["Contract: response shapes"],"fullName":"Contract: response shapes /api/identify-by-text matches success-or-error union","status":"passed","title":"/api/identify-by-text matches success-or-error union","duration":1593.4021000000002,"failureMessages":[],"meta":{}}],"startTime":1780321089222,"endTime":1780321091607.402,"status":"passed","message":"","name":"C:/FTC HOLDING/APPS/saywetin-native/qa/contract/shapes.test.ts"}]}