{"numTotalTestSuites":2,"numPassedTestSuites":2,"numFailedTestSuites":0,"numPendingTestSuites":0,"numTotalTests":2,"numPassedTests":2,"numFailedTests":0,"numPendingTests":0,"numTodoTests":0,"snapshot":{"added":0,"failure":false,"filesAdded":0,"filesRemoved":0,"filesRemovedList":[],"filesUnmatched":0,"filesUpdated":0,"matched":0,"total":0,"unchecked":0,"uncheckedKeysByFile":[],"unmatched":0,"updated":0,"didUpdate":false},"startTime":1777653769043,"success":true,"testResults":[{"assertionResults":[{"ancestorTitles":["confidenceBucket"],"fullName":"confidenceBucket returns none for 0/NaN","status":"passed","title":"returns none for 0/NaN","duration":4.3700999999999794,"failureMessages":[],"meta":{},"tags":[]},{"ancestorTitles":["confidenceBucket"],"fullName":"confidenceBucket classifies thresholds","status":"passed","title":"classifies thresholds","duration":0.9051000000000045,"failureMessages":[],"meta":{},"tags":[]}],"startTime":1777653769600,"endTime":1777653769604.905,"status":"passed","message":"","name":"C:/FTC HOLDING/_restore_repo/APPS/saywetin-native/qa/unit/confidence.test.ts"}]}